<?xml version="1.0" encoding="UTF-8"?>
<testsuite xmlns:xsi="http://www.w3.org/2001/XMLSchema-instance" xsi:noNamespaceSchemaLocation="https://maven.apache.org/surefire/maven-surefire-plugin/xsd/surefire-test-report.xsd" name="fr.univ_lyon1.info.m1.tp_test.CharManipulatorTest" time="0.028" tests="11" errors="0" skipped="0" failures="0">
  <properties>
[...]
</properties>
  <testcase name="caseWithNumbers" classname="fr.univ_lyon1.info.m1.tp_test.CharManipulatorTest" time="0.006"/>
  <testcase name="removePatternNormalCase" classname="fr.univ_lyon1.info.m1.tp_test.CharManipulatorTest" time="0.001"/>
  <testcase name="removePatternNotFound" classname="fr.univ_lyon1.info.m1.tp_test.CharManipulatorTest" time="0.002"/>
  <testcase name="caseNormalString" classname="fr.univ_lyon1.info.m1.tp_test.CharManipulatorTest" time="0.001"/>
  <testcase name="orderNormalString" classname="fr.univ_lyon1.info.m1.tp_test.CharManipulatorTest" time="0.001"/>
  <testcase name="caseOnlyNumbers" classname="fr.univ_lyon1.info.m1.tp_test.CharManipulatorTest" time="0.001"/>
  <testcase name="caseEmptyString" classname="fr.univ_lyon1.info.m1.tp_test.CharManipulatorTest" time="0.001"/>
  <testcase name="removePatternMultipleOccurrences" classname="fr.univ_lyon1.info.m1.tp_test.CharManipulatorTest" time="0.001"/>
  <testcase name="orderEmptyString" classname="fr.univ_lyon1.info.m1.tp_test.CharManipulatorTest" time="0"/>
  <testcase name="removePatternEmptyPattern" classname="fr.univ_lyon1.info.m1.tp_test.CharManipulatorTest" time="0"/>
  <testcase name="removePatternEmptyString" classname="fr.univ_lyon1.info.m1.tp_test.CharManipulatorTest" time="0.001"/>
</testsuite>