<?xml version="1.0" encoding="UTF-8"?>
<testsuite xmlns:xsi="http://www.w3.org/2001/XMLSchema-instance" xsi:noNamespaceSchemaLocation="https://maven.apache.org/surefire/maven-surefire-plugin/xsd/surefire-test-report.xsd" version="3.0.2" name="fr.univ_lyon1.info.m1.cv_search.ApplicantTest" time="0.156" tests="2" errors="0" skipped="0" failures="1">
  <properties>
[...]
</properties>
  <testcase name="readApplicant" classname="fr.univ_lyon1.info.m1.cv_search.ApplicantTest" time="0.111">
    <failure message="&#10;Expected: is &lt;5&gt;&#10;     but: was &lt;4&gt;" type="java.lang.AssertionError"><![CDATA[java.lang.AssertionError: 

Expected: is <5>
     but: was <4>
	at org.hamcrest.MatcherAssert.assertThat(MatcherAssert.java:20)
	at org.hamcrest.MatcherAssert.assertThat(MatcherAssert.java:6)
	at fr.univ_lyon1.info.m1.cv_search.ApplicantTest.readApplicant(ApplicantTest.java:34)
	at java.base/java.lang.reflect.Method.invoke(Method.java:580)
	at java.base/java.util.ArrayList.forEach(ArrayList.java:1596)
	at java.base/java.util.ArrayList.forEach(ArrayList.java:1596)
]]></failure>
  </testcase>
  <testcase name="readManyApplicant" classname="fr.univ_lyon1.info.m1.cv_search.ApplicantTest" time="0.009"/>
</testsuite>